Mon Oct 30 14:53:40 Log file reset
Mon Oct 30 14:53:40 Loaded file BACKUP0.MAX
Tue Oct 31 10:42:44 Saved as file BACKUP1.MAX
Tue Oct 31 10:42:44 Saved as file E:\ORCAD\SOILDERSTATION\ORCAD_HAKKO.MAX
Tue Oct 31 10:42:46 UserDiv from Layout.INI for AutoECO: 60
Tue Oct 31 10:42:46 Loaded file E:\ORCAD\SOILDERSTATION\ORCAD_HAKKO.MAX
Tue Oct 31 10:42:46 Loaded file C:\PROGRAM FILES\ORCAD\LAYOUT\LIBRARY\EMPTY.LLB
Tue Oct 31 10:42:46 Loaded file C:\PROGRAM FILES\ORCAD\LAYOUT\LIBRARY\EX_GUI.LLB
Tue Oct 31 10:42:46 Loaded file C:\PROGRAM FILES\ORCAD\LAYOUT\LIBRARY\METRIC.LLB
Tue Oct 31 10:42:46 Loaded file C:\PROGRAM FILES\ORCAD\LAYOUT\LIBRARY\PADSTACK.LLB
Tue Oct 31 10:42:46 Loaded file E:\MICROCONTROLLER\SOFTWARE\ORCAD\THU VIEN ORCAD\LIBRARY LAYOUT\LAYOUT\7SEG.LLB
Tue Oct 31 10:42:46 Loaded file E:\MICROCONTROLLER\SOFTWARE\ORCAD\THU VIEN ORCAD\LIBRARY LAYOUT\LAYOUT\AEC32_UP.LLB
Tue Oct 31 10:42:46 Loaded file E:\MICROCONTROLLER\SOFTWARE\ORCAD\THU VIEN ORCAD\LIBRARY LAYOUT\LAYOUT\DATASHEET ROBOT.LLB
Tue Oct 31 10:42:46 Loaded file E:\MICROCONTROLLER\SOFTWARE\ORCAD\THU VIEN ORCAD\LIBRARY LAYOUT\LAYOUT\HUY.LLB
Tue Oct 31 10:42:46 Loaded file E:\MICROCONTROLLER\SOFTWARE\ORCAD\THU VIEN ORCAD\LIBRARY LAYOUT\LAYOUT\THU VIEN LAYOUT BETA 3.LLB
Tue Oct 31 10:42:46 Loaded file E:\MICROCONTROLLER\SOFTWARE\ORCAD\THU VIEN ORCAD\LIBRARY LAYOUT\LAYOUT\THU VIEN TRANS.LLB
Tue Oct 31 10:42:46 Loaded file E:\MICROCONTROLLER\SOFTWARE\ORCAD\THU VIEN ORCAD\LIBRARY LAYOUT\LAYOUT\THU VIEN.LLB
Tue Oct 31 10:42:46 Loaded file E:\MICROCONTROLLER\SOFTWARE\ORCAD\THU VIEN ORCAD\LIBRARY LAYOUT\LAYOUT\THUVIEN OR1.LLB
Tue Oct 31 10:42:46 Loaded file E:\MICROCONTROLLER\SOFTWARE\ORCAD\THU VIEN ORCAD\LIBRARY LAYOUT\LAYOUT\THUVIEN OR2.LLB
Tue Oct 31 10:42:46 Loaded file E:\MICROCONTROLLER\SOFTWARE\ORCAD\THU VIEN ORCAD\LIBRARY LAYOUT\LAYOUT\VANBASTAI.LLB
Tue Oct 31 10:42:46 Loaded file C:\Program Files\Orcad\Layout\library\BCON100T.llb
Tue Oct 31 10:42:46 Loaded file C:\Program Files\Orcad\Layout\library\BCON156T.llb
Tue Oct 31 10:42:46 Loaded file C:\Program Files\Orcad\Layout\library\BGA.llb
Tue Oct 31 10:42:46 Loaded file C:\Program Files\Orcad\Layout\library\CLCC.llb
Tue Oct 31 10:42:46 Loaded file C:\Program Files\Orcad\Layout\library\DCON050T.llb
Tue Oct 31 10:42:46 Loaded file C:\Program Files\Orcad\Layout\library\DCON085T.llb
Tue Oct 31 10:42:46 Loaded file C:\Program Files\Orcad\Layout\library\DIMM050F.llb
Tue Oct 31 10:42:46 Loaded file C:\Program Files\Orcad\Layout\library\DIMM050T.llb
Tue Oct 31 10:42:46 Loaded file C:\Program Files\Orcad\Layout\library\DIN.llb
Tue Oct 31 10:42:46 Loaded file C:\Program Files\Orcad\Layout\library\DIP100B.llb
Tue Oct 31 10:42:46 Loaded file C:\Program Files\Orcad\Layout\library\DIP100T.llb
Tue Oct 31 10:42:46 Loaded file C:\Program Files\Orcad\Layout\library\DSUBT.llb
Tue Oct 31 10:42:47 Loaded file C:\Program Files\Orcad\Layout\library\DSUBT_HD.LLB
Tue Oct 31 10:42:47 Loaded file C:\Program Files\Orcad\Layout\library\ECON100T.llb
Tue Oct 31 10:42:47 Loaded file C:\Program Files\Orcad\Layout\library\FBUS.llb
Tue Oct 31 10:42:47 Loaded file C:\Program Files\Orcad\Layout\library\ISA.llb
Tue Oct 31 10:42:47 Loaded file C:\Program Files\Orcad\Layout\library\JUMPER.LLB
Tue Oct 31 10:42:47 Loaded file C:\Program Files\Orcad\Layout\library\LAYOUT.llb
Tue Oct 31 10:42:47 Loaded file C:\Program Files\Orcad\Layout\library\LCON100T.llb
Tue Oct 31 10:42:47 Loaded file C:\Program Files\Orcad\Layout\library\PC104.llb
Tue Oct 31 10:42:47 Loaded file C:\Program Files\Orcad\Layout\library\PCI.llb
Tue Oct 31 10:42:47 Loaded file C:\Program Files\Orcad\Layout\library\PCON100T.llb
Tue Oct 31 10:42:47 Loaded file C:\Program Files\Orcad\Layout\library\PCON156T.llb
Tue Oct 31 10:42:47 Loaded file C:\Program Files\Orcad\Layout\library\PGA.llb
Tue Oct 31 10:42:47 Loaded file C:\Program Files\Orcad\Layout\library\PLCC.llb
Tue Oct 31 10:42:47 Loaded file C:\Program Files\Orcad\Layout\library\QUAD.llb
Tue Oct 31 10:42:47 Loaded file C:\Program Files\Orcad\Layout\library\QUADB.llb
Tue Oct 31 10:42:47 Loaded file C:\Program Files\Orcad\Layout\library\RELAY.llb
Tue Oct 31 10:42:47 Loaded file C:\Program Files\Orcad\Layout\library\RF.llb
Tue Oct 31 10:42:47 Loaded file C:\Program Files\Orcad\Layout\library\SBUS.llb
Tue Oct 31 10:42:47 Loaded file C:\Program Files\Orcad\Layout\library\SIMM050F.llb
Tue Oct 31 10:42:48 Loaded file C:\Program Files\Orcad\Layout\library\SIMM050T.llb
Tue Oct 31 10:42:48 Loaded file C:\Program Files\Orcad\Layout\library\SIMM100F.llb
Tue Oct 31 10:42:48 Loaded file C:\Program Files\Orcad\Layout\library\SIMM100T.llb
Tue Oct 31 10:42:48 Loaded file C:\Program Files\Orcad\Layout\library\SIP.llb
Tue Oct 31 10:42:48 Loaded file C:\Program Files\Orcad\Layout\library\SM.llb
Tue Oct 31 10:42:48 Loaded file C:\Program Files\Orcad\Layout\library\SOG.llb
Tue Oct 31 10:42:48 Loaded file C:\Program Files\Orcad\Layout\library\SOJ.llb
Tue Oct 31 10:42:48 Loaded file C:\Program Files\Orcad\Layout\library\STIFF.llb
Tue Oct 31 10:42:48 Loaded file C:\Program Files\Orcad\Layout\library\TELE.llb
Tue Oct 31 10:42:48 Loaded file C:\Program Files\Orcad\Layout\library\TM_AXIAL.llb
Tue Oct 31 10:42:48 Loaded file C:\Program Files\Orcad\Layout\library\TM_CAP_P.llb
Tue Oct 31 10:42:48 Loaded file C:\Program Files\Orcad\Layout\library\TM_CYLND.llb
Tue Oct 31 10:42:48 Loaded file C:\Program Files\Orcad\Layout\library\TM_DIODE.llb
Tue Oct 31 10:42:48 Loaded file C:\Program Files\Orcad\Layout\library\TM_DISC.llb
Tue Oct 31 10:42:48 Loaded file C:\Program Files\Orcad\Layout\library\TM_RAD.llb
Tue Oct 31 10:42:48 Loaded file C:\Program Files\Orcad\Layout\library\TO.llb
Tue Oct 31 10:42:48 Loaded file C:\Program Files\Orcad\Layout\library\TRAINING.LLB
Tue Oct 31 10:42:48 Loaded file C:\Program Files\Orcad\Layout\library\VRES.llb
Tue Oct 31 10:42:48 Loaded file C:\Program Files\Orcad\Layout\library\WCON100T.llb
Tue Oct 31 10:42:48 Loaded file C:\Program Files\Orcad\Layout\library\XT.llb
Tue Oct 31 10:42:48 Loaded file C:\Program Files\Orcad\Layout\library\ZIGZAG.llb
Tue Oct 31 10:42:49 Loaded file E:\MICROCONTROLLER\SOFTWARE\ORCAD\THU VIEN ORCAD\LIBRARY LAYOUT\LAYOUT\VANBASTAI.LLB
Tue Oct 31 10:42:49 Footprint coords will be rounded to nearest base unit.
Tue Oct 31 10:42:49 Footprint coords will be rounded to nearest base unit.
Tue Oct 31 10:42:49 Footprint coords will be rounded to nearest base unit.
Tue Oct 31 10:42:49 Footprint coords will be rounded to nearest base unit.
Tue Oct 31 10:42:49 Footprint coords will be rounded to nearest base unit.
Tue Oct 31 10:42:49 Footprint coords will be rounded to nearest base unit.
Tue Oct 31 10:42:49 Footprint coords will be rounded to nearest base unit.
Tue Oct 31 10:42:49 Footprint coords will be rounded to nearest base unit.
Tue Oct 31 10:42:49 Footprint coords will be rounded to nearest base unit.
Tue Oct 31 10:42:49 Footprint coords will be rounded to nearest base unit.
Tue Oct 31 10:42:49 Footprint coords will be rounded to nearest base unit.
Tue Oct 31 10:42:49 Footprint coords will be rounded to nearest base unit.
Tue Oct 31 10:42:49 Footprint coords will be rounded to nearest base unit.
Tue Oct 31 10:42:49 Footprint coords will be rounded to nearest base unit.
Tue Oct 31 10:42:49 Footprint coords will be rounded to nearest base unit.
Tue Oct 31 10:42:49 Footprint coords will be rounded to nearest base unit.
Tue Oct 31 10:42:49 Footprint coords will be rounded to nearest base unit.
Tue Oct 31 10:42:49 Footprint coords will be rounded to nearest base unit.
Tue Oct 31 10:42:49 Footprint coords will be rounded to nearest base unit.
Tue Oct 31 10:42:49 Footprint coords will be rounded to nearest base unit.
Tue Oct 31 10:42:49 Footprint coords will be rounded to nearest base unit.
Tue Oct 31 10:42:49 Footprint coords will be rounded to nearest base unit.
Tue Oct 31 10:42:49 Footprint coords will be rounded to nearest base unit.
Tue Oct 31 10:42:49 Footprint coords will be rounded to nearest base unit.
Tue Oct 31 10:42:49 Footprint coords will be rounded to nearest base unit.
Tue Oct 31 10:42:49 Footprint coords will be rounded to nearest base unit.
Tue Oct 31 10:42:49 Footprint coords will be rounded to nearest base unit.
Tue Oct 31 10:42:49 Footprint coords will be rounded to nearest base unit.
Tue Oct 31 10:42:49 Footprint coords will be rounded to nearest base unit.
Tue Oct 31 10:42:49 Footprint coords will be rounded to nearest base unit.
Tue Oct 31 10:42:49 Footprint coords will be rounded to nearest base unit.
Tue Oct 31 10:42:49 Footprint coords will be rounded to nearest base unit.
Tue Oct 31 10:42:49 Footprint coords will be rounded to nearest base unit.
Tue Oct 31 10:42:49 Footprint coords will be rounded to nearest base unit.
Tue Oct 31 10:42:49 Footprint coords will be rounded to nearest base unit.
Tue Oct 31 10:42:49 Footprint coords will be rounded to nearest base unit.
Tue Oct 31 10:42:49 Footprint coords will be rounded to nearest base unit.
Tue Oct 31 10:42:49 Footprint coords will be rounded to nearest base unit.
Tue Oct 31 10:42:49 Footprint coords will be rounded to nearest base unit.
Tue Oct 31 10:42:49 Footprint coords will be rounded to nearest base unit.
Tue Oct 31 10:42:49 Footprint coords will be rounded to nearest base unit.
Tue Oct 31 10:42:49 Footprint coords will be rounded to nearest base unit.
Tue Oct 31 10:42:49 Footprint coords will be rounded to nearest base unit.
Tue Oct 31 10:42:49 Footprint coords will be rounded to nearest base unit.
Tue Oct 31 10:42:49 Footprint coords will be rounded to nearest base unit.
Tue Oct 31 10:42:49 Footprint coords will be rounded to nearest base unit.
Tue Oct 31 10:42:49 Footprint coords will be rounded to nearest base unit.
Tue Oct 31 10:42:49 Footprint coords will be rounded to nearest base unit.
Tue Oct 31 10:42:49 Footprint coords will be rounded to nearest base unit.
Tue Oct 31 10:42:49 Footprint coords will be rounded to nearest base unit.
Tue Oct 31 10:42:49 Footprint coords will be rounded to nearest base unit.
Tue Oct 31 10:42:49 Footprint coords will be rounded to nearest base unit.
Tue Oct 31 10:42:49 Footprint coords will be rounded to nearest base unit.
Tue Oct 31 10:42:49 Footprint coords will be rounded to nearest base unit.
Tue Oct 31 10:42:49 Footprint coords will be rounded to nearest base unit.
Tue Oct 31 10:42:49 Footprint coords will be rounded to nearest base unit.
Tue Oct 31 10:42:49 Footprint coords will be rounded to nearest base unit.
Tue Oct 31 10:42:49 Footprint coords will be rounded to nearest base unit.
Tue Oct 31 10:42:49 Footprint coords will be rounded to nearest base unit.
Tue Oct 31 10:42:49 Footprint coords will be rounded to nearest base unit.
Tue Oct 31 10:42:49 Footprint coords will be rounded to nearest base unit.
Tue Oct 31 10:42:49 Footprint coords will be rounded to nearest base unit.
Tue Oct 31 10:42:49 Footprint coords will be rounded to nearest base unit.
Tue Oct 31 10:42:49 Footprint coords will be rounded to nearest base unit.
Tue Oct 31 10:42:49 Footprint coords will be rounded to nearest base unit.
Tue Oct 31 10:42:49 Footprint coords will be rounded to nearest base unit.
Tue Oct 31 10:42:49 Footprint coords will be rounded to nearest base unit.
Tue Oct 31 10:42:49 Footprint coords will be rounded to nearest base unit.
Tue Oct 31 10:42:49 Footprint coords will be rounded to nearest base unit.
Tue Oct 31 10:42:49 Footprint coords will be rounded to nearest base unit.
Tue Oct 31 10:42:49 Footprint coords will be rounded to nearest base unit.
Tue Oct 31 10:42:49 Footprint coords will be rounded to nearest base unit.
Tue Oct 31 10:42:49 Footprint coords will be rounded to nearest base unit.
Tue Oct 31 10:42:49 Footprint coords will be rounded to nearest base unit.
Tue Oct 31 10:42:49 Footprint coords will be rounded to nearest base unit.
Tue Oct 31 10:42:49 Footprint coords will be rounded to nearest base unit.
Tue Oct 31 10:42:49 Footprint coords will be rounded to nearest base unit.
Tue Oct 31 10:42:49 Footprint coords will be rounded to nearest base unit.
Tue Oct 31 10:42:49 Footprint coords will be rounded to nearest base unit.
Tue Oct 31 10:42:49 Footprint coords will be rounded to nearest base unit.
Tue Oct 31 10:42:49 Footprint coords will be rounded to nearest base unit.
Tue Oct 31 10:42:49 Footprint coords will be rounded to nearest base unit.
Tue Oct 31 10:42:49 Footprint coords will be rounded to nearest base unit.
Tue Oct 31 10:42:49 Footprint coords will be rounded to nearest base unit.
Tue Oct 31 10:42:49 Footprint coords will be rounded to nearest base unit.
Tue Oct 31 10:42:49 Footprint coords will be rounded to nearest base unit.
Tue Oct 31 10:42:49 Footprint coords will be rounded to nearest base unit.
Tue Oct 31 10:42:49 Loaded file E:\MICROCONTROLLER\SOFTWARE\ORCAD\THU VIEN ORCAD\LIBRARY LAYOUT\LAYOUT\VANBASTAI.LLB
Tue Oct 31 10:42:49 Footprint coords will be rounded to nearest base unit.
Tue Oct 31 10:42:49 Footprint coords will be rounded to nearest base unit.
Tue Oct 31 10:42:49 Footprint coords will be rounded to nearest base unit.
Tue Oct 31 10:42:49 Footprint coords will be rounded to nearest base unit.
Tue Oct 31 10:42:49 Footprint coords will be rounded to nearest base unit.
Tue Oct 31 10:42:49 Footprint coords will be rounded to nearest base unit.
Tue Oct 31 10:42:49 Footprint coords will be rounded to nearest base unit.
Tue Oct 31 10:42:49 Footprint coords will be rounded to nearest base unit.
Tue Oct 31 10:42:49 Footprint coords will be rounded to nearest base unit.
Tue Oct 31 10:42:49 Footprint coords will be rounded to nearest base unit.
Tue Oct 31 10:42:49 Footprint coords will be rounded to nearest base unit.
Tue Oct 31 10:42:49 Footprint coords will be rounded to nearest base unit.
Tue Oct 31 10:42:49 Footprint coords will be rounded to nearest base unit.
Tue Oct 31 10:42:49 Footprint coords will be rounded to nearest base unit.
Tue Oct 31 10:42:49 Footprint coords will be rounded to nearest base unit.
Tue Oct 31 10:42:49 Footprint coords will be rounded to nearest base unit.
Tue Oct 31 10:42:49 Footprint coords will be rounded to nearest base unit.
Tue Oct 31 10:42:49 Footprint coords will be rounded to nearest base unit.
Tue Oct 31 10:42:49 Footprint coords will be rounded to nearest base unit.
Tue Oct 31 10:42:49 Footprint coords will be rounded to nearest base unit.
Tue Oct 31 10:42:49 Footprint coords will be rounded to nearest base unit.
Tue Oct 31 10:42:49 Footprint coords will be rounded to nearest base unit.
Tue Oct 31 10:42:49 Footprint coords will be rounded to nearest base unit.
Tue Oct 31 10:42:49 Footprint coords will be rounded to nearest base unit.
Tue Oct 31 10:42:49 Footprint coords will be rounded to nearest base unit.
Tue Oct 31 10:42:49 Footprint coords will be rounded to nearest base unit.
Tue Oct 31 10:42:49 Footprint coords will be rounded to nearest base unit.
Tue Oct 31 10:42:49 Footprint coords will be rounded to nearest base unit.
Tue Oct 31 10:42:49 Footprint coords will be rounded to nearest base unit.
Tue Oct 31 10:42:49 Footprint coords will be rounded to nearest base unit.
Tue Oct 31 10:42:49 Saved as file E:\ORCAD\SOILDERSTATION\ORCAD_HAKKO.MAX
Tue Oct 31 10:42:49 Loaded file E:\ORCAD\SOILDERSTATION\ORCAD_HAKKO.MAX
Tue Oct 31 10:43:38 Saved as file ~undo.max
Tue Oct 31 10:47:41 Saved as file BACKUP1.MAX
Tue Oct 31 10:47:41 Saved as file E:\ORCAD\SOILDERSTATION\ORCAD_HAKKO.MAX
Tue Oct 31 10:47:41 UserDiv from Layout.INI for AutoECO: 60
Tue Oct 31 10:47:41 Loaded file E:\ORCAD\SOILDERSTATION\ORCAD_HAKKO.MAX
Tue Oct 31 10:47:41 Loaded file C:\PROGRAM FILES\ORCAD\LAYOUT\LIBRARY\EMPTY.LLB
Tue Oct 31 10:47:41 Loaded file C:\PROGRAM FILES\ORCAD\LAYOUT\LIBRARY\EX_GUI.LLB
Tue Oct 31 10:47:41 Loaded file C:\PROGRAM FILES\ORCAD\LAYOUT\LIBRARY\METRIC.LLB
Tue Oct 31 10:47:41 Loaded file C:\PROGRAM FILES\ORCAD\LAYOUT\LIBRARY\PADSTACK.LLB
Tue Oct 31 10:47:41 Loaded file E:\MICROCONTROLLER\SOFTWARE\ORCAD\THU VIEN ORCAD\LIBRARY LAYOUT\LAYOUT\7SEG.LLB
Tue Oct 31 10:47:41 Loaded file E:\MICROCONTROLLER\SOFTWARE\ORCAD\THU VIEN ORCAD\LIBRARY LAYOUT\LAYOUT\AEC32_UP.LLB
Tue Oct 31 10:47:41 Loaded file E:\MICROCONTROLLER\SOFTWARE\ORCAD\THU VIEN ORCAD\LIBRARY LAYOUT\LAYOUT\DATASHEET ROBOT.LLB
Tue Oct 31 10:47:41 Loaded file E:\MICROCONTROLLER\SOFTWARE\ORCAD\THU VIEN ORCAD\LIBRARY LAYOUT\LAYOUT\HUY.LLB
Tue Oct 31 10:47:41 Loaded file E:\MICROCONTROLLER\SOFTWARE\ORCAD\THU VIEN ORCAD\LIBRARY LAYOUT\LAYOUT\THU VIEN LAYOUT BETA 3.LLB
Tue Oct 31 10:47:41 Loaded file E:\MICROCONTROLLER\SOFTWARE\ORCAD\THU VIEN ORCAD\LIBRARY LAYOUT\LAYOUT\THU VIEN TRANS.LLB
Tue Oct 31 10:47:41 Loaded file E:\MICROCONTROLLER\SOFTWARE\ORCAD\THU VIEN ORCAD\LIBRARY LAYOUT\LAYOUT\THU VIEN.LLB
Tue Oct 31 10:47:41 Loaded file E:\MICROCONTROLLER\SOFTWARE\ORCAD\THU VIEN ORCAD\LIBRARY LAYOUT\LAYOUT\THUVIEN OR1.LLB
Tue Oct 31 10:47:42 Loaded file E:\MICROCONTROLLER\SOFTWARE\ORCAD\THU VIEN ORCAD\LIBRARY LAYOUT\LAYOUT\THUVIEN OR2.LLB
Tue Oct 31 10:47:42 Loaded file E:\MICROCONTROLLER\SOFTWARE\ORCAD\THU VIEN ORCAD\LIBRARY LAYOUT\LAYOUT\VANBASTAI.LLB
Tue Oct 31 10:47:42 Loaded file C:\Program Files\Orcad\Layout\library\BCON100T.llb
Tue Oct 31 10:47:42 Loaded file C:\Program Files\Orcad\Layout\library\BCON156T.llb
Tue Oct 31 10:47:42 Loaded file C:\Program Files\Orcad\Layout\library\BGA.llb
Tue Oct 31 10:47:42 Loaded file C:\Program Files\Orcad\Layout\library\CLCC.llb
Tue Oct 31 10:47:42 Loaded file C:\Program Files\Orcad\Layout\library\DCON050T.llb
Tue Oct 31 10:47:42 Loaded file C:\Program Files\Orcad\Layout\library\DCON085T.llb
Tue Oct 31 10:47:42 Loaded file C:\Program Files\Orcad\Layout\library\DIMM050F.llb
Tue Oct 31 10:47:42 Loaded file C:\Program Files\Orcad\Layout\library\DIMM050T.llb
Tue Oct 31 10:47:42 Loaded file C:\Program Files\Orcad\Layout\library\DIN.llb
Tue Oct 31 10:47:42 Loaded file C:\Program Files\Orcad\Layout\library\DIP100B.llb
Tue Oct 31 10:47:42 Loaded file C:\Program Files\Orcad\Layout\library\DIP100T.llb
Tue Oct 31 10:47:42 Loaded file C:\Program Files\Orcad\Layout\library\DSUBT.llb
Tue Oct 31 10:47:42 Loaded file C:\Program Files\Orcad\Layout\library\DSUBT_HD.LLB
Tue Oct 31 10:47:42 Loaded file C:\Program Files\Orcad\Layout\library\ECON100T.llb
Tue Oct 31 10:47:42 Loaded file C:\Program Files\Orcad\Layout\library\FBUS.llb
Tue Oct 31 10:47:42 Loaded file C:\Program Files\Orcad\Layout\library\ISA.llb
Tue Oct 31 10:47:42 Loaded file C:\Program Files\Orcad\Layout\library\JUMPER.LLB
Tue Oct 31 10:47:42 Loaded file C:\Program Files\Orcad\Layout\library\LAYOUT.llb
Tue Oct 31 10:47:42 Loaded file C:\Program Files\Orcad\Layout\library\LCON100T.llb
Tue Oct 31 10:47:42 Loaded file C:\Program Files\Orcad\Layout\library\PC104.llb
Tue Oct 31 10:47:42 Loaded file C:\Program Files\Orcad\Layout\library\PCI.llb
Tue Oct 31 10:47:42 Loaded file C:\Program Files\Orcad\Layout\library\PCON100T.llb
Tue Oct 31 10:47:42 Loaded file C:\Program Files\Orcad\Layout\library\PCON156T.llb
Tue Oct 31 10:47:42 Loaded file C:\Program Files\Orcad\Layout\library\PGA.llb
Tue Oct 31 10:47:42 Loaded file C:\Program Files\Orcad\Layout\library\PLCC.llb
Tue Oct 31 10:47:42 Loaded file C:\Program Files\Orcad\Layout\library\QUAD.llb
Tue Oct 31 10:47:42 Loaded file C:\Program Files\Orcad\Layout\library\QUADB.llb
Tue Oct 31 10:47:42 Loaded file C:\Program Files\Orcad\Layout\library\RELAY.llb
Tue Oct 31 10:47:42 Loaded file C:\Program Files\Orcad\Layout\library\RF.llb
Tue Oct 31 10:47:42 Loaded file C:\Program Files\Orcad\Layout\library\SBUS.llb
Tue Oct 31 10:47:42 Loaded file C:\Program Files\Orcad\Layout\library\SIMM050F.llb
Tue Oct 31 10:47:42 Loaded file C:\Program Files\Orcad\Layout\library\SIMM050T.llb
Tue Oct 31 10:47:42 Loaded file C:\Program Files\Orcad\Layout\library\SIMM100F.llb
Tue Oct 31 10:47:42 Loaded file C:\Program Files\Orcad\Layout\library\SIMM100T.llb
Tue Oct 31 10:47:42 Loaded file C:\Program Files\Orcad\Layout\library\SIP.llb
Tue Oct 31 10:47:42 Loaded file C:\Program Files\Orcad\Layout\library\SM.llb
Tue Oct 31 10:47:42 Loaded file C:\Program Files\Orcad\Layout\library\SOG.llb
Tue Oct 31 10:47:42 Loaded file C:\Program Files\Orcad\Layout\library\SOJ.llb
Tue Oct 31 10:47:42 Loaded file C:\Program Files\Orcad\Layout\library\STIFF.llb
Tue Oct 31 10:47:42 Loaded file C:\Program Files\Orcad\Layout\library\TELE.llb
Tue Oct 31 10:47:42 Loaded file C:\Program Files\Orcad\Layout\library\TM_AXIAL.llb
Tue Oct 31 10:47:42 Loaded file C:\Program Files\Orcad\Layout\library\TM_CAP_P.llb
Tue Oct 31 10:47:42 Loaded file C:\Program Files\Orcad\Layout\library\TM_CYLND.llb
Tue Oct 31 10:47:42 Loaded file C:\Program Files\Orcad\Layout\library\TM_DIODE.llb
Tue Oct 31 10:47:42 Loaded file C:\Program Files\Orcad\Layout\library\TM_DISC.llb
Tue Oct 31 10:47:42 Loaded file C:\Program Files\Orcad\Layout\library\TM_RAD.llb
Tue Oct 31 10:47:42 Loaded file C:\Program Files\Orcad\Layout\library\TO.llb
Tue Oct 31 10:47:42 Loaded file C:\Program Files\Orcad\Layout\library\TRAINING.LLB
Tue Oct 31 10:47:42 Loaded file C:\Program Files\Orcad\Layout\library\VRES.llb
Tue Oct 31 10:47:42 Loaded file C:\Program Files\Orcad\Layout\library\WCON100T.llb
Tue Oct 31 10:47:42 Loaded file C:\Program Files\Orcad\Layout\library\XT.llb
Tue Oct 31 10:47:42 Loaded file C:\Program Files\Orcad\Layout\library\ZIGZAG.llb
Tue Oct 31 10:47:42 Saved as file E:\ORCAD\SOILDERSTATION\ORCAD_HAKKO.MAX
Tue Oct 31 10:47:43 Loaded file E:\ORCAD\SOILDERSTATION\ORCAD_HAKKO.MAX
Tue Oct 31 10:50:12 Saved as file BACKUP1.MAX
Tue Oct 31 10:51:24 Saved as file BACKUP1.MAX
Tue Oct 31 10:51:24 Saved as file E:\ORCAD\SOILDERSTATION\ORCAD_HAKKO.MAX
Tue Oct 31 10:51:24 UserDiv from Layout.INI for AutoECO: 60
Tue Oct 31 10:51:24 Loaded file E:\ORCAD\SOILDERSTATION\ORCAD_HAKKO.MAX
Tue Oct 31 10:51:24 Loaded file C:\PROGRAM FILES\ORCAD\LAYOUT\LIBRARY\EMPTY.LLB
Tue Oct 31 10:51:24 Loaded file C:\PROGRAM FILES\ORCAD\LAYOUT\LIBRARY\EX_GUI.LLB
Tue Oct 31 10:51:24 Loaded file C:\PROGRAM FILES\ORCAD\LAYOUT\LIBRARY\METRIC.LLB
Tue Oct 31 10:51:24 Loaded file C:\PROGRAM FILES\ORCAD\LAYOUT\LIBRARY\PADSTACK.LLB
Tue Oct 31 10:51:24 Loaded file E:\MICROCONTROLLER\SOFTWARE\ORCAD\THU VIEN ORCAD\LIBRARY LAYOUT\LAYOUT\7SEG.LLB
Tue Oct 31 10:51:24 Loaded file E:\MICROCONTROLLER\SOFTWARE\ORCAD\THU VIEN ORCAD\LIBRARY LAYOUT\LAYOUT\AEC32_UP.LLB
Tue Oct 31 10:51:24 Loaded file E:\MICROCONTROLLER\SOFTWARE\ORCAD\THU VIEN ORCAD\LIBRARY LAYOUT\LAYOUT\DATASHEET ROBOT.LLB
Tue Oct 31 10:51:24 Loaded file E:\MICROCONTROLLER\SOFTWARE\ORCAD\THU VIEN ORCAD\LIBRARY LAYOUT\LAYOUT\HUY.LLB
Tue Oct 31 10:51:24 Loaded file E:\MICROCONTROLLER\SOFTWARE\ORCAD\THU VIEN ORCAD\LIBRARY LAYOUT\LAYOUT\THU VIEN LAYOUT BETA 3.LLB
Tue Oct 31 10:51:24 Loaded file E:\MICROCONTROLLER\SOFTWARE\ORCAD\THU VIEN ORCAD\LIBRARY LAYOUT\LAYOUT\THU VIEN TRANS.LLB
Tue Oct 31 10:51:24 Loaded file E:\MICROCONTROLLER\SOFTWARE\ORCAD\THU VIEN ORCAD\LIBRARY LAYOUT\LAYOUT\THU VIEN.LLB
Tue Oct 31 10:51:24 Loaded file E:\MICROCONTROLLER\SOFTWARE\ORCAD\THU VIEN ORCAD\LIBRARY LAYOUT\LAYOUT\THUVIEN OR1.LLB
Tue Oct 31 10:51:24 Loaded file E:\MICROCONTROLLER\SOFTWARE\ORCAD\THU VIEN ORCAD\LIBRARY LAYOUT\LAYOUT\THUVIEN OR2.LLB
Tue Oct 31 10:51:24 Loaded file E:\MICROCONTROLLER\SOFTWARE\ORCAD\THU VIEN ORCAD\LIBRARY LAYOUT\LAYOUT\VANBASTAI.LLB
Tue Oct 31 10:51:24 Loaded file C:\Program Files\Orcad\Layout\library\BCON100T.llb
Tue Oct 31 10:51:24 Loaded file C:\Program Files\Orcad\Layout\library\BCON156T.llb
Tue Oct 31 10:51:24 Loaded file C:\Program Files\Orcad\Layout\library\BGA.llb
Tue Oct 31 10:51:24 Loaded file C:\Program Files\Orcad\Layout\library\CLCC.llb
Tue Oct 31 10:51:24 Loaded file C:\Program Files\Orcad\Layout\library\DCON050T.llb
Tue Oct 31 10:51:24 Loaded file C:\Program Files\Orcad\Layout\library\DCON085T.llb
Tue Oct 31 10:51:24 Loaded file C:\Program Files\Orcad\Layout\library\DIMM050F.llb
Tue Oct 31 10:51:24 Loaded file C:\Program Files\Orcad\Layout\library\DIMM050T.llb
Tue Oct 31 10:51:24 Loaded file C:\Program Files\Orcad\Layout\library\DIN.llb
Tue Oct 31 10:51:24 Loaded file C:\Program Files\Orcad\Layout\library\DIP100B.llb
Tue Oct 31 10:51:24 Loaded file C:\Program Files\Orcad\Layout\library\DIP100T.llb
Tue Oct 31 10:51:24 Loaded file C:\Program Files\Orcad\Layout\library\DSUBT.llb
Tue Oct 31 10:51:24 Loaded file C:\Program Files\Orcad\Layout\library\DSUBT_HD.LLB
Tue Oct 31 10:51:24 Loaded file C:\Program Files\Orcad\Layout\library\ECON100T.llb
Tue Oct 31 10:51:24 Loaded file C:\Program Files\Orcad\Layout\library\FBUS.llb
Tue Oct 31 10:51:24 Loaded file C:\Program Files\Orcad\Layout\library\ISA.llb
Tue Oct 31 10:51:24 Loaded file C:\Program Files\Orcad\Layout\library\JUMPER.LLB
Tue Oct 31 10:51:24 Loaded file C:\Program Files\Orcad\Layout\library\LAYOUT.llb
Tue Oct 31 10:51:24 Loaded file C:\Program Files\Orcad\Layout\library\LCON100T.llb
Tue Oct 31 10:51:24 Loaded file C:\Program Files\Orcad\Layout\library\PC104.llb
Tue Oct 31 10:51:24 Loaded file C:\Program Files\Orcad\Layout\library\PCI.llb
Tue Oct 31 10:51:24 Loaded file C:\Program Files\Orcad\Layout\library\PCON100T.llb
Tue Oct 31 10:51:24 Loaded file C:\Program Files\Orcad\Layout\library\PCON156T.llb
Tue Oct 31 10:51:24 Loaded file C:\Program Files\Orcad\Layout\library\PGA.llb
Tue Oct 31 10:51:25 Loaded file C:\Program Files\Orcad\Layout\library\PLCC.llb
Tue Oct 31 10:51:25 Loaded file C:\Program Files\Orcad\Layout\library\QUAD.llb
Tue Oct 31 10:51:25 Loaded file C:\Program Files\Orcad\Layout\library\QUADB.llb
Tue Oct 31 10:51:25 Loaded file C:\Program Files\Orcad\Layout\library\RELAY.llb
Tue Oct 31 10:51:25 Loaded file C:\Program Files\Orcad\Layout\library\RF.llb
Tue Oct 31 10:51:25 Loaded file C:\Program Files\Orcad\Layout\library\SBUS.llb
Tue Oct 31 10:51:25 Loaded file C:\Program Files\Orcad\Layout\library\SIMM050F.llb
Tue Oct 31 10:51:25 Loaded file C:\Program Files\Orcad\Layout\library\SIMM050T.llb
Tue Oct 31 10:51:25 Loaded file C:\Program Files\Orcad\Layout\library\SIMM100F.llb
Tue Oct 31 10:51:25 Loaded file C:\Program Files\Orcad\Layout\library\SIMM100T.llb
Tue Oct 31 10:51:25 Loaded file C:\Program Files\Orcad\Layout\library\SIP.llb
Tue Oct 31 10:51:25 Loaded file C:\Program Files\Orcad\Layout\library\SM.llb
Tue Oct 31 10:51:25 Loaded file C:\Program Files\Orcad\Layout\library\SOG.llb
Tue Oct 31 10:51:25 Loaded file C:\Program Files\Orcad\Layout\library\SOJ.llb
Tue Oct 31 10:51:25 Loaded file C:\Program Files\Orcad\Layout\library\STIFF.llb
Tue Oct 31 10:51:25 Loaded file C:\Program Files\Orcad\Layout\library\TELE.llb
Tue Oct 31 10:51:25 Loaded file C:\Program Files\Orcad\Layout\library\TM_AXIAL.llb
Tue Oct 31 10:51:25 Loaded file C:\Program Files\Orcad\Layout\library\TM_CAP_P.llb
Tue Oct 31 10:51:25 Loaded file C:\Program Files\Orcad\Layout\library\TM_CYLND.llb
Tue Oct 31 10:51:25 Loaded file C:\Program Files\Orcad\Layout\library\TM_DIODE.llb
Tue Oct 31 10:51:25 Loaded file C:\Program Files\Orcad\Layout\library\TM_DISC.llb
Tue Oct 31 10:51:25 Loaded file C:\Program Files\Orcad\Layout\library\TM_RAD.llb
Tue Oct 31 10:51:25 Loaded file C:\Program Files\Orcad\Layout\library\TO.llb
Tue Oct 31 10:51:25 Loaded file C:\Program Files\Orcad\Layout\library\TRAINING.LLB
Tue Oct 31 10:51:25 Loaded file C:\Program Files\Orcad\Layout\library\VRES.llb
Tue Oct 31 10:51:25 Loaded file C:\Program Files\Orcad\Layout\library\WCON100T.llb
Tue Oct 31 10:51:25 Loaded file C:\Program Files\Orcad\Layout\library\XT.llb
Tue Oct 31 10:51:25 Loaded file C:\Program Files\Orcad\Layout\library\ZIGZAG.llb
Tue Oct 31 10:51:25 Saved as file E:\ORCAD\SOILDERSTATION\ORCAD_HAKKO.MAX
Tue Oct 31 10:51:25 Loaded file E:\ORCAD\SOILDERSTATION\ORCAD_HAKKO.MAX
Tue Oct 31 10:51:31 Saved as file ~undo.max
Tue Oct 31 10:53:02 Saved as file ~undo.max
Tue Oct 31 10:53:08 Saved as file ~undo.max
Tue Oct 31 10:54:07 Saved as file ~undo.max
Tue Oct 31 10:56:05 Saved as file BACKUP1.MAX
Tue Oct 31 10:56:05 Saved as file E:\ORCAD\SOILDERSTATION\ORCAD_HAKKO.MAX
Tue Oct 31 10:56:06 UserDiv from Layout.INI for AutoECO: 60
Tue Oct 31 10:56:06 Loaded file E:\ORCAD\SOILDERSTATION\ORCAD_HAKKO.MAX
Tue Oct 31 10:56:06 Loaded file C:\PROGRAM FILES\ORCAD\LAYOUT\LIBRARY\EMPTY.LLB
Tue Oct 31 10:56:06 Loaded file C:\PROGRAM FILES\ORCAD\LAYOUT\LIBRARY\EX_GUI.LLB
Tue Oct 31 10:56:06 Loaded file C:\PROGRAM FILES\ORCAD\LAYOUT\LIBRARY\METRIC.LLB
Tue Oct 31 10:56:06 Loaded file C:\PROGRAM FILES\ORCAD\LAYOUT\LIBRARY\PADSTACK.LLB
Tue Oct 31 10:56:06 Loaded file E:\MICROCONTROLLER\SOFTWARE\ORCAD\THU VIEN ORCAD\LIBRARY LAYOUT\LAYOUT\7SEG.LLB
Tue Oct 31 10:56:06 Loaded file E:\MICROCONTROLLER\SOFTWARE\ORCAD\THU VIEN ORCAD\LIBRARY LAYOUT\LAYOUT\AEC32_UP.LLB
Tue Oct 31 10:56:06 Loaded file E:\MICROCONTROLLER\SOFTWARE\ORCAD\THU VIEN ORCAD\LIBRARY LAYOUT\LAYOUT\DATASHEET ROBOT.LLB
Tue Oct 31 10:56:06 Loaded file E:\MICROCONTROLLER\SOFTWARE\ORCAD\THU VIEN ORCAD\LIBRARY LAYOUT\LAYOUT\HUY.LLB
Tue Oct 31 10:56:06 Loaded file E:\MICROCONTROLLER\SOFTWARE\ORCAD\THU VIEN ORCAD\LIBRARY LAYOUT\LAYOUT\THU VIEN LAYOUT BETA 3.LLB
Tue Oct 31 10:56:06 Loaded file E:\MICROCONTROLLER\SOFTWARE\ORCAD\THU VIEN ORCAD\LIBRARY LAYOUT\LAYOUT\THU VIEN TRANS.LLB
Tue Oct 31 10:56:06 Loaded file E:\MICROCONTROLLER\SOFTWARE\ORCAD\THU VIEN ORCAD\LIBRARY LAYOUT\LAYOUT\THU VIEN.LLB
Tue Oct 31 10:56:06 Loaded file E:\MICROCONTROLLER\SOFTWARE\ORCAD\THU VIEN ORCAD\LIBRARY LAYOUT\LAYOUT\THUVIEN OR1.LLB
Tue Oct 31 10:56:06 Loaded file E:\MICROCONTROLLER\SOFTWARE\ORCAD\THU VIEN ORCAD\LIBRARY LAYOUT\LAYOUT\THUVIEN OR2.LLB
Tue Oct 31 10:56:06 Loaded file E:\MICROCONTROLLER\SOFTWARE\ORCAD\THU VIEN ORCAD\LIBRARY LAYOUT\LAYOUT\VANBASTAI.LLB
Tue Oct 31 10:56:06 Loaded file C:\Program Files\Orcad\Layout\library\BCON100T.llb
Tue Oct 31 10:56:06 Loaded file C:\Program Files\Orcad\Layout\library\BCON156T.llb
Tue Oct 31 10:56:06 Loaded file C:\Program Files\Orcad\Layout\library\BGA.llb
Tue Oct 31 10:56:06 Loaded file C:\Program Files\Orcad\Layout\library\CLCC.llb
Tue Oct 31 10:56:06 Loaded file C:\Program Files\Orcad\Layout\library\DCON050T.llb
Tue Oct 31 10:56:06 Loaded file C:\Program Files\Orcad\Layout\library\DCON085T.llb
Tue Oct 31 10:56:06 Loaded file C:\Program Files\Orcad\Layout\library\DIMM050F.llb
Tue Oct 31 10:56:06 Loaded file C:\Program Files\Orcad\Layout\library\DIMM050T.llb
Tue Oct 31 10:56:06 Loaded file C:\Program Files\Orcad\Layout\library\DIN.llb
Tue Oct 31 10:56:06 Loaded file C:\Program Files\Orcad\Layout\library\DIP100B.llb
Tue Oct 31 10:56:06 Loaded file C:\Program Files\Orcad\Layout\library\DIP100T.llb
Tue Oct 31 10:56:06 Loaded file C:\Program Files\Orcad\Layout\library\DSUBT.llb
Tue Oct 31 10:56:06 Loaded file C:\Program Files\Orcad\Layout\library\DSUBT_HD.LLB
Tue Oct 31 10:56:06 Loaded file C:\Program Files\Orcad\Layout\library\ECON100T.llb
Tue Oct 31 10:56:06 Loaded file C:\Program Files\Orcad\Layout\library\FBUS.llb
Tue Oct 31 10:56:06 Loaded file C:\Program Files\Orcad\Layout\library\ISA.llb
Tue Oct 31 10:56:06 Loaded file C:\Program Files\Orcad\Layout\library\JUMPER.LLB
Tue Oct 31 10:56:06 Loaded file C:\Program Files\Orcad\Layout\library\LAYOUT.llb
Tue Oct 31 10:56:06 Loaded file C:\Program Files\Orcad\Layout\library\LCON100T.llb
Tue Oct 31 10:56:06 Loaded file C:\Program Files\Orcad\Layout\library\PC104.llb
Tue Oct 31 10:56:06 Loaded file C:\Program Files\Orcad\Layout\library\PCI.llb
Tue Oct 31 10:56:06 Loaded file C:\Program Files\Orcad\Layout\library\PCON100T.llb
Tue Oct 31 10:56:06 Loaded file C:\Program Files\Orcad\Layout\library\PCON156T.llb
Tue Oct 31 10:56:06 Loaded file C:\Program Files\Orcad\Layout\library\PGA.llb
Tue Oct 31 10:56:06 Loaded file C:\Program Files\Orcad\Layout\library\PLCC.llb
Tue Oct 31 10:56:06 Loaded file C:\Program Files\Orcad\Layout\library\QUAD.llb
Tue Oct 31 10:56:06 Loaded file C:\Program Files\Orcad\Layout\library\QUADB.llb
Tue Oct 31 10:56:06 Loaded file C:\Program Files\Orcad\Layout\library\RELAY.llb
Tue Oct 31 10:56:06 Loaded file C:\Program Files\Orcad\Layout\library\RF.llb
Tue Oct 31 10:56:06 Loaded file C:\Program Files\Orcad\Layout\library\SBUS.llb
Tue Oct 31 10:56:06 Loaded file C:\Program Files\Orcad\Layout\library\SIMM050F.llb
Tue Oct 31 10:56:06 Loaded file C:\Program Files\Orcad\Layout\library\SIMM050T.llb
Tue Oct 31 10:56:06 Loaded file C:\Program Files\Orcad\Layout\library\SIMM100F.llb
Tue Oct 31 10:56:06 Loaded file C:\Program Files\Orcad\Layout\library\SIMM100T.llb
Tue Oct 31 10:56:06 Loaded file C:\Program Files\Orcad\Layout\library\SIP.llb
Tue Oct 31 10:56:06 Loaded file C:\Program Files\Orcad\Layout\library\SM.llb
Tue Oct 31 10:56:06 Loaded file C:\Program Files\Orcad\Layout\library\SOG.llb
Tue Oct 31 10:56:06 Loaded file C:\Program Files\Orcad\Layout\library\SOJ.llb
Tue Oct 31 10:56:06 Loaded file C:\Program Files\Orcad\Layout\library\STIFF.llb
Tue Oct 31 10:56:06 Loaded file C:\Program Files\Orcad\Layout\library\TELE.llb
Tue Oct 31 10:56:06 Loaded file C:\Program Files\Orcad\Layout\library\TM_AXIAL.llb
Tue Oct 31 10:56:06 Loaded file C:\Program Files\Orcad\Layout\library\TM_CAP_P.llb
Tue Oct 31 10:56:06 Loaded file C:\Program Files\Orcad\Layout\library\TM_CYLND.llb
Tue Oct 31 10:56:06 Loaded file C:\Program Files\Orcad\Layout\library\TM_DIODE.llb
Tue Oct 31 10:56:06 Loaded file C:\Program Files\Orcad\Layout\library\TM_DISC.llb
Tue Oct 31 10:56:06 Loaded file C:\Program Files\Orcad\Layout\library\TM_RAD.llb
Tue Oct 31 10:56:06 Loaded file C:\Program Files\Orcad\Layout\library\TO.llb
Tue Oct 31 10:56:06 Loaded file C:\Program Files\Orcad\Layout\library\TRAINING.LLB
Tue Oct 31 10:56:06 Loaded file C:\Program Files\Orcad\Layout\library\VRES.llb
Tue Oct 31 10:56:06 Loaded file C:\Program Files\Orcad\Layout\library\WCON100T.llb
Tue Oct 31 10:56:06 Loaded file C:\Program Files\Orcad\Layout\library\XT.llb
Tue Oct 31 10:56:06 Loaded file C:\Program Files\Orcad\Layout\library\ZIGZAG.llb
Tue Oct 31 10:56:06 Saved as file E:\ORCAD\SOILDERSTATION\ORCAD_HAKKO.MAX
Tue Oct 31 10:56:07 Loaded file E:\ORCAD\SOILDERSTATION\ORCAD_HAKKO.MAX
Tue Oct 31 10:58:01 Saved as file BACKUP1.MAX
Tue Oct 31 10:58:01 Saved as file E:\ORCAD\SOILDERSTATION\ORCAD_HAKKO.MAX
Tue Oct 31 10:58:01 UserDiv from Layout.INI for AutoECO: 60
Tue Oct 31 10:58:01 Loaded file E:\ORCAD\SOILDERSTATION\ORCAD_HAKKO.MAX
Tue Oct 31 10:58:01 Loaded file C:\PROGRAM FILES\ORCAD\LAYOUT\LIBRARY\EMPTY.LLB
Tue Oct 31 10:58:01 Loaded file C:\PROGRAM FILES\ORCAD\LAYOUT\LIBRARY\EX_GUI.LLB
Tue Oct 31 10:58:01 Loaded file C:\PROGRAM FILES\ORCAD\LAYOUT\LIBRARY\METRIC.LLB
Tue Oct 31 10:58:01 Loaded file C:\PROGRAM FILES\ORCAD\LAYOUT\LIBRARY\PADSTACK.LLB
Tue Oct 31 10:58:01 Loaded file E:\MICROCONTROLLER\SOFTWARE\ORCAD\THU VIEN ORCAD\LIBRARY LAYOUT\LAYOUT\7SEG.LLB
Tue Oct 31 10:58:01 Loaded file E:\MICROCONTROLLER\SOFTWARE\ORCAD\THU VIEN ORCAD\LIBRARY LAYOUT\LAYOUT\AEC32_UP.LLB
Tue Oct 31 10:58:01 Loaded file E:\MICROCONTROLLER\SOFTWARE\ORCAD\THU VIEN ORCAD\LIBRARY LAYOUT\LAYOUT\DATASHEET ROBOT.LLB
Tue Oct 31 10:58:01 Loaded file E:\MICROCONTROLLER\SOFTWARE\ORCAD\THU VIEN ORCAD\LIBRARY LAYOUT\LAYOUT\HUY.LLB
Tue Oct 31 10:58:01 Loaded file E:\MICROCONTROLLER\SOFTWARE\ORCAD\THU VIEN ORCAD\LIBRARY LAYOUT\LAYOUT\THU VIEN LAYOUT BETA 3.LLB
Tue Oct 31 10:58:01 Loaded file E:\MICROCONTROLLER\SOFTWARE\ORCAD\THU VIEN ORCAD\LIBRARY LAYOUT\LAYOUT\THU VIEN TRANS.LLB
Tue Oct 31 10:58:01 Loaded file E:\MICROCONTROLLER\SOFTWARE\ORCAD\THU VIEN ORCAD\LIBRARY LAYOUT\LAYOUT\THU VIEN.LLB
Tue Oct 31 10:58:01 Loaded file E:\MICROCONTROLLER\SOFTWARE\ORCAD\THU VIEN ORCAD\LIBRARY LAYOUT\LAYOUT\THUVIEN OR1.LLB
Tue Oct 31 10:58:01 Loaded file E:\MICROCONTROLLER\SOFTWARE\ORCAD\THU VIEN ORCAD\LIBRARY LAYOUT\LAYOUT\THUVIEN OR2.LLB
Tue Oct 31 10:58:01 Loaded file E:\MICROCONTROLLER\SOFTWARE\ORCAD\THU VIEN ORCAD\LIBRARY LAYOUT\LAYOUT\VANBASTAI.LLB
Tue Oct 31 10:58:01 Loaded file C:\Program Files\Orcad\Layout\library\BCON100T.llb
Tue Oct 31 10:58:01 Loaded file C:\Program Files\Orcad\Layout\library\BCON156T.llb
Tue Oct 31 10:58:01 Loaded file C:\Program Files\Orcad\Layout\library\BGA.llb
Tue Oct 31 10:58:01 Loaded file C:\Program Files\Orcad\Layout\library\CLCC.llb
Tue Oct 31 10:58:01 Loaded file C:\Program Files\Orcad\Layout\library\DCON050T.llb
Tue Oct 31 10:58:01 Loaded file C:\Program Files\Orcad\Layout\library\DCON085T.llb
Tue Oct 31 10:58:01 Loaded file C:\Program Files\Orcad\Layout\library\DIMM050F.llb
Tue Oct 31 10:58:01 Loaded file C:\Program Files\Orcad\Layout\library\DIMM050T.llb
Tue Oct 31 10:58:01 Loaded file C:\Program Files\Orcad\Layout\library\DIN.llb
Tue Oct 31 10:58:01 Loaded file C:\Program Files\Orcad\Layout\library\DIP100B.llb
Tue Oct 31 10:58:01 Loaded file C:\Program Files\Orcad\Layout\library\DIP100T.llb
Tue Oct 31 10:58:01 Loaded file C:\Program Files\Orcad\Layout\library\DSUBT.llb
Tue Oct 31 10:58:01 Loaded file C:\Program Files\Orcad\Layout\library\DSUBT_HD.LLB
Tue Oct 31 10:58:01 Loaded file C:\Program Files\Orcad\Layout\library\ECON100T.llb
Tue Oct 31 10:58:01 Loaded file C:\Program Files\Orcad\Layout\library\FBUS.llb
Tue Oct 31 10:58:01 Loaded file C:\Program Files\Orcad\Layout\library\ISA.llb
Tue Oct 31 10:58:01 Loaded file C:\Program Files\Orcad\Layout\library\JUMPER.LLB
Tue Oct 31 10:58:01 Loaded file C:\Program Files\Orcad\Layout\library\LAYOUT.llb
Tue Oct 31 10:58:01 Loaded file C:\Program Files\Orcad\Layout\library\LCON100T.llb
Tue Oct 31 10:58:01 Loaded file C:\Program Files\Orcad\Layout\library\PC104.llb
Tue Oct 31 10:58:01 Loaded file C:\Program Files\Orcad\Layout\library\PCI.llb
Tue Oct 31 10:58:01 Loaded file C:\Program Files\Orcad\Layout\library\PCON100T.llb
Tue Oct 31 10:58:01 Loaded file C:\Program Files\Orcad\Layout\library\PCON156T.llb
Tue Oct 31 10:58:01 Loaded file C:\Program Files\Orcad\Layout\library\PGA.llb
Tue Oct 31 10:58:01 Loaded file C:\Program Files\Orcad\Layout\library\PLCC.llb
Tue Oct 31 10:58:01 Loaded file C:\Program Files\Orcad\Layout\library\QUAD.llb
Tue Oct 31 10:58:01 Loaded file C:\Program Files\Orcad\Layout\library\QUADB.llb
Tue Oct 31 10:58:01 Loaded file C:\Program Files\Orcad\Layout\library\RELAY.llb
Tue Oct 31 10:58:01 Loaded file C:\Program Files\Orcad\Layout\library\RF.llb
Tue Oct 31 10:58:01 Loaded file C:\Program Files\Orcad\Layout\library\SBUS.llb
Tue Oct 31 10:58:01 Loaded file C:\Program Files\Orcad\Layout\library\SIMM050F.llb
Tue Oct 31 10:58:01 Loaded file C:\Program Files\Orcad\Layout\library\SIMM050T.llb
Tue Oct 31 10:58:01 Loaded file C:\Program Files\Orcad\Layout\library\SIMM100F.llb
Tue Oct 31 10:58:01 Loaded file C:\Program Files\Orcad\Layout\library\SIMM100T.llb
Tue Oct 31 10:58:01 Loaded file C:\Program Files\Orcad\Layout\library\SIP.llb
Tue Oct 31 10:58:01 Loaded file C:\Program Files\Orcad\Layout\library\SM.llb
Tue Oct 31 10:58:01 Loaded file C:\Program Files\Orcad\Layout\library\SOG.llb
Tue Oct 31 10:58:01 Loaded file C:\Program Files\Orcad\Layout\library\SOJ.llb
Tue Oct 31 10:58:01 Loaded file C:\Program Files\Orcad\Layout\library\STIFF.llb
Tue Oct 31 10:58:01 Loaded file C:\Program Files\Orcad\Layout\library\TELE.llb
Tue Oct 31 10:58:01 Loaded file C:\Program Files\Orcad\Layout\library\TM_AXIAL.llb
Tue Oct 31 10:58:01 Loaded file C:\Program Files\Orcad\Layout\library\TM_CAP_P.llb
Tue Oct 31 10:58:01 Loaded file C:\Program Files\Orcad\Layout\library\TM_CYLND.llb
Tue Oct 31 10:58:01 Loaded file C:\Program Files\Orcad\Layout\library\TM_DIODE.llb
Tue Oct 31 10:58:01 Loaded file C:\Program Files\Orcad\Layout\library\TM_DISC.llb
Tue Oct 31 10:58:01 Loaded file C:\Program Files\Orcad\Layout\library\TM_RAD.llb
Tue Oct 31 10:58:01 Loaded file C:\Program Files\Orcad\Layout\library\TO.llb
Tue Oct 31 10:58:01 Loaded file C:\Program Files\Orcad\Layout\library\TRAINING.LLB
Tue Oct 31 10:58:01 Loaded file C:\Program Files\Orcad\Layout\library\VRES.llb
Tue Oct 31 10:58:01 Loaded file C:\Program Files\Orcad\Layout\library\WCON100T.llb
Tue Oct 31 10:58:01 Loaded file C:\Program Files\Orcad\Layout\library\XT.llb
Tue Oct 31 10:58:01 Loaded file C:\Program Files\Orcad\Layout\library\ZIGZAG.llb
Tue Oct 31 10:58:01 Saved as file E:\ORCAD\SOILDERSTATION\ORCAD_HAKKO.MAX
Tue Oct 31 10:58:02 Loaded file E:\ORCAD\SOILDERSTATION\ORCAD_HAKKO.MAX
Tue Oct 31 11:01:12 Saved as file BACKUP1.MAX
Tue Oct 31 11:01:46 Saved as file ~undo.max
Tue Oct 31 11:04:49 Saved as file ~undo.max
Tue Oct 31 11:05:15 Saved as file ~undo.max
Tue Oct 31 11:06:00 Saved as file ~undo.max
Tue Oct 31 11:06:09 Saved as file ~undo.max
Tue Oct 31 11:06:27 Saved as file ~undo.max
Tue Oct 31 11:06:45 Saved as file ~undo.max
Tue Oct 31 11:06:50 Saved as file ~undo.max
Tue Oct 31 11:07:01 Saved as file ~undo.max
Tue Oct 31 11:07:11 Saved as file ~undo.max
Tue Oct 31 11:07:42 Loaded file C:\PROGRAM FILES\ORCAD\LAYOUT\LIBRARY\EMPTY.LLB
Tue Oct 31 11:07:42 Loaded file C:\PROGRAM FILES\ORCAD\LAYOUT\LIBRARY\EX_GUI.LLB
Tue Oct 31 11:07:42 Loaded file C:\PROGRAM FILES\ORCAD\LAYOUT\LIBRARY\METRIC.LLB
Tue Oct 31 11:07:42 Loaded file C:\PROGRAM FILES\ORCAD\LAYOUT\LIBRARY\PADSTACK.LLB
Tue Oct 31 11:07:42 Loaded file E:\MICROCONTROLLER\SOFTWARE\ORCAD\THU VIEN ORCAD\LIBRARY LAYOUT\LAYOUT\7SEG.LLB
Tue Oct 31 11:07:42 Loaded file E:\MICROCONTROLLER\SOFTWARE\ORCAD\THU VIEN ORCAD\LIBRARY LAYOUT\LAYOUT\AEC32_UP.LLB
Tue Oct 31 11:07:42 Loaded file E:\MICROCONTROLLER\SOFTWARE\ORCAD\THU VIEN ORCAD\LIBRARY LAYOUT\LAYOUT\DATASHEET ROBOT.LLB
Tue Oct 31 11:07:42 Loaded file E:\MICROCONTROLLER\SOFTWARE\ORCAD\THU VIEN ORCAD\LIBRARY LAYOUT\LAYOUT\HUY.LLB
Tue Oct 31 11:07:42 Loaded file E:\MICROCONTROLLER\SOFTWARE\ORCAD\THU VIEN ORCAD\LIBRARY LAYOUT\LAYOUT\THU VIEN LAYOUT BETA 3.LLB
Tue Oct 31 11:07:42 Footprint coords will be rounded to nearest base unit.
Tue Oct 31 11:07:42 Footprint coords will be rounded to nearest base unit.
Tue Oct 31 11:07:42 Footprint coords will be rounded to nearest base unit.
Tue Oct 31 11:07:42 Footprint coords will be rounded to nearest base unit.
Tue Oct 31 11:07:42 Footprint coords will be rounded to nearest base unit.
Tue Oct 31 11:07:42 Footprint coords will be rounded to nearest base unit.
Tue Oct 31 11:07:53 Saved as file ~undo.max
Tue Oct 31 11:08:16 Saved as file ~undo.max
Tue Oct 31 11:09:01 Saved as file ~undo.max
Tue Oct 31 11:09:15 Saved as file ~undo.max
Tue Oct 31 11:09:33 Saved as file ~undo.max
Tue Oct 31 11:09:52 Saved as file ~undo.max
Tue Oct 31 11:10:04 Saved as file ~undo.max
Tue Oct 31 11:10:14 Saved as file ~undo.max
Tue Oct 31 11:10:45 Saved as file ~undo.max
Tue Oct 31 11:10:54 Saved as file ~undo.max
Tue Oct 31 11:11:11 Saved as file ~undo.max
Tue Oct 31 11:11:25 Saved as file ~undo.max
Tue Oct 31 11:11:35 Saved as file ~undo.max
Tue Oct 31 11:11:42 Saved as file BACKUP1.MAX
Tue Oct 31 11:11:50 Saved as file ~undo.max
Tue Oct 31 11:12:09 Saved as file ~undo.max
Tue Oct 31 11:13:10 Saved as file ~undo.max
Tue Oct 31 11:13:19 Saved as file ~undo.max
Tue Oct 31 11:13:44 Saved as file ~undo.max
Tue Oct 31 11:13:55 Saved as file ~undo.max
Tue Oct 31 11:14:20 Saved as file ~undo.max
Tue Oct 31 11:14:42 Saved as file ~undo.max
Tue Oct 31 11:19:18 Saved as file ~undo.max
Tue Oct 31 11:19:25 Saved as file ~undo.max
Tue Oct 31 11:19:41 Saved as file E:\ORCAD\SOILDERSTATION\ORCAD_HAKKO.MAX
Tue Oct 31 11:20:27 Saved as file ~undo.max
Tue Oct 31 11:20:58 Saved as file E:\ORCAD\SOILDERSTATION\ORCAD_HAKKO.MAX
Tue Oct 31 11:21:54 Saved as file BACKUP1.MAX
Tue Oct 31 11:24:46 Saved as file ~undo.max
Tue Oct 31 11:25:00 Saved as file ~undo.max
Tue Oct 31 11:25:14 Saved as file ~undo.max
Tue Oct 31 11:26:40 Saved as file ~undo.max
Tue Oct 31 11:26:59 Saved as file ~undo.max
Tue Oct 31 11:27:23 Saved as file E:\ORCAD\SOILDERSTATION\ORCAD_HAKKO.MAX
Tue Oct 31 11:27:26 Saved as file E:\ORCAD\SOILDERSTATION\ORCAD_HAKKO.MAX
Tue Oct 31 11:28:20 Saved as file E:\ORCAD\SOILDERSTATION\ORCAD_HAKKO.MAX
Thu Nov 02 11:16:10 Saved as file ~undo.max
Thu Nov 02 11:26:29 Saved as file BACKUP1.MAX
Thu Nov 02 11:36:59 Saved as file BACKUP1.MAX
Thu Nov 02 11:47:16 Saved as file E:\ORCAD\SOILDERSTATION\ORCAD_HAKKO.MAX
